<?xml version="1.0" encoding="UTF-8"?>
<!-- Generated by org.testng.reporters.JUnitReportReporter -->
<testsuite hostname="Ravis-MacBook-Pro-2.local" name="com.webservice.customer.test.Demo" tests="1" failures="0" timestamp="17 Jun 2017 00:58:51 GMT" time="1.148" errors="0">
  <testcase name="testMsg" time="1.148" classname="com.webservice.customer.test.Demo"/>
</testsuite> <!-- com.webservice.customer.test.Demo -->
