<?xml version="1.0" encoding="UTF-8"?>
<!-- Generated by org.testng.reporters.JUnitReportReporter -->
<testsuite hostname="Ravis-MacBook-Pro-2.local" name="com.webservice.customer.test.TestCustomerWS_Testng" tests="1" failures="0" timestamp="20 Jun 2017 22:16:45 GMT" time="0.950" errors="0">
  <testcase name="testWithValidData" time="0.950" classname="com.webservice.customer.test.TestCustomerWS_Testng"/>
</testsuite> <!-- com.webservice.customer.test.TestCustomerWS_Testng -->
